<?xml version="1.0" encoding="UTF-8"?>
<testsuite name="JsonDatabaseTest" tests="1" skipped="0" failures="0" errors="0" timestamp="2022-06-26T03:28:56" hostname="PC" time="0.422">
  <properties/>
  <testcase name="start" classname="JsonDatabaseTest" time="0.422"/>
  <system-out><![CDATA[?[1;31m
Start test 1?[0m
Server started!
Client Started
Sent: {"type":"exit"} 
?[1;31m
Start test 2?[0m
?[1;31m
Start test 3?[0m
Server started!
Client Started
Sent: {"type":"set","value":"Hello world!","key":"1"} 
Client Started
Sent: {"type":"set","key":"person","value":{"name":"Elon Musk","car":{"model":"Tesla Roadster","year":"2018"},"rocket":{"name":"Falcon 9","launches":"87"}}}
 
Client Started
Sent: {"type":"get","key":["person","name"]}
 
Client Started
Sent: {"type":"set","key":["person","rocket","launches"],"value":"88"}
 
Client Started
Sent: {"type":"get","key":["person"]}
 
Client Started
Sent: {"type":"delete","key":["person","car","year"]}
 
Client Started
Sent: {"type":"get","key":["person"]}
 
Client Started
Sent: {"type":"exit"} 
]]></system-out>
  <system-err><![CDATA[]]></system-err>
</testsuite>
