<?xml version="1.0" encoding="UTF-8"?>
<testsuite name="JsonDatabaseTest" tests="1" skipped="0" failures="0" errors="0" timestamp="2022-06-24T02:02:49" hostname="PC" time="0.476">
  <properties/>
  <testcase name="start" classname="JsonDatabaseTest" time="0.476"/>
  <system-out><![CDATA[?[1;31m
Start test 1?[0m
Server started!
Client started!
Sent: {"type":"exit"}
Received: {"type":"exit"}
Received: {"response":"OK"}
Sent: {"response":"OK"}
?[1;31m
Start test 2?[0m
Server started!
Client started!
Sent: {"type":"get","key":"1"}
Received: {"type":"get","key":"1"}
Sent: {"response":"ERROR","reason":"No such key"}
Received: {"response":"ERROR","reason":"No such key"}
Client started!
Received: {"type":"set","key":"1","value":"Hello world!"}
Sent: {"type":"set","key":"1","value":"Hello world!"}
Sent: {"response":"OK"}
Received: {"response":"OK"}
Client started!
Received: {"type":"set","key":"1","value":"HelloWorld!"}
Sent: {"type":"set","key":"1","value":"HelloWorld!"}
Received: {"response":"OK"}
Sent: {"response":"OK"}
Client started!
Received: {"type":"get","key":"1"}
Sent: {"type":"get","key":"1"}
Sent: {"response":"OK","value":"HelloWorld!"}
Received: {"response":"OK","value":"HelloWorld!"}
Client started!
Received: {"type":"delete","key":"1"}
Sent: {"type":"delete","key":"1"}
Sent: {"response":"OK"}
Received: {"response":"OK"}
Client started!
Received: {"type":"delete","key":"1"}
Sent: {"type":"delete","key":"1"}
Sent: {"response":"ERROR","reason":"No such key"}
Received: {"response":"ERROR","reason":"No such key"}
Client started!
Received: {"type":"get","key":"1"}
Sent: {"type":"get","key":"1"}
Sent: {"response":"ERROR","reason":"No such key"}
Received: {"response":"ERROR","reason":"No such key"}
Client started!
Received: {"type":"set","key":"text","value":"Some text here"}
Sent: {"type":"set","key":"text","value":"Some text here"}
Sent: {"response":"OK"}
Received: {"response":"OK"}
Client started!
Received: {"type":"get","key":"text"}
Sent: {"type":"get","key":"text"}
Sent: {"response":"OK","value":"Some text here"}
Received: {"response":"OK","value":"Some text here"}
Client started!
Received: {"type":"get","key":"56"}
Sent: {"type":"get","key":"56"}
Sent: {"response":"ERROR","reason":"No such key"}
Received: {"response":"ERROR","reason":"No such key"}
Client started!
Received: {"type":"delete","key":"56"}
Sent: {"type":"delete","key":"56"}
Sent: {"response":"ERROR","reason":"No such key"}
Received: {"response":"ERROR","reason":"No such key"}
Client started!
Received: {"type":"delete","key":"100"}
Sent: {"type":"delete","key":"100"}
Sent: {"response":"ERROR","reason":"No such key"}
Received: {"response":"ERROR","reason":"No such key"}
Client started!
Received: {"type":"delete","key":"That key doesn\u0027t exist"}
Sent: {"type":"delete","key":"That key doesn\u0027t exist"}
Sent: {"response":"ERROR","reason":"No such key"}
Received: {"response":"ERROR","reason":"No such key"}
Client started!
Received: {"type":"exit"}
Sent: {"type":"exit"}
Sent: {"response":"OK"}
Received: {"response":"OK"}
]]></system-out>
  <system-err><![CDATA[]]></system-err>
</testsuite>
